<?xml version="1.0" encoding="UTF-8"?>
<coverage generated="1725798737208" clover="3.2.0">
  <project timestamp="1725798737209" name="All files">
    <metrics statements="281" coveredstatements="258" conditionals="21" coveredconditionals="19" methods="8" coveredmethods="7" elements="310" coveredelements="284" complexity="0" loc="281" ncloc="281" packages="1" files="2" classes="2"/>
    <file name="index.ts" path="C:\Users\郝洪坤\Desktop\FrontEnd\shi-renderer-svg-other\src\index.ts">
      <metrics statements="218" coveredstatements="216" conditionals="18" coveredconditionals="17" methods="5" coveredmethods="5"/>
      <line num="1" count="1" type="stmt"/>
      <line num="2" count="1" type="stmt"/>
      <line num="3" count="1" type="stmt"/>
      <line num="4" count="1" type="stmt"/>
      <line num="5" count="1" type="stmt"/>
      <line num="6" count="1" type="stmt"/>
      <line num="7" count="1" type="stmt"/>
      <line num="8" count="1" type="stmt"/>
      <line num="9" count="1" type="stmt"/>
      <line num="10" count="1" type="stmt"/>
      <line num="11" count="1" type="stmt"/>
      <line num="12" count="1" type="stmt"/>
      <line num="13" count="1" type="stmt"/>
      <line num="14" count="1" type="stmt"/>
      <line num="15" count="1" type="stmt"/>
      <line num="16" count="1" type="stmt"/>
      <line num="17" count="1" type="stmt"/>
      <line num="18" count="1" type="stmt"/>
      <line num="19" count="1" type="stmt"/>
      <line num="20" count="1" type="stmt"/>
      <line num="21" count="1" type="stmt"/>
      <line num="22" count="1" type="stmt"/>
      <line num="23" count="1" type="stmt"/>
      <line num="24" count="1" type="stmt"/>
      <line num="25" count="1" type="stmt"/>
      <line num="26" count="1" type="stmt"/>
      <line num="27" count="1" type="stmt"/>
      <line num="28" count="1" type="stmt"/>
      <line num="29" count="1" type="stmt"/>
      <line num="30" count="1" type="stmt"/>
      <line num="31" count="1" type="stmt"/>
      <line num="32" count="1" type="stmt"/>
      <line num="33" count="1" type="stmt"/>
      <line num="34" count="1" type="stmt"/>
      <line num="35" count="1" type="stmt"/>
      <line num="36" count="1" type="stmt"/>
      <line num="37" count="1" type="stmt"/>
      <line num="38" count="1" type="stmt"/>
      <line num="39" count="1" type="stmt"/>
      <line num="40" count="1" type="stmt"/>
      <line num="41" count="1" type="stmt"/>
      <line num="42" count="1" type="stmt"/>
      <line num="43" count="1" type="stmt"/>
      <line num="44" count="1" type="stmt"/>
      <line num="45" count="1" type="stmt"/>
      <line num="46" count="1" type="stmt"/>
      <line num="47" count="1" type="stmt"/>
      <line num="48" count="1" type="stmt"/>
      <line num="49" count="1" type="stmt"/>
      <line num="50" count="1" type="stmt"/>
      <line num="51" count="1" type="stmt"/>
      <line num="52" count="1" type="stmt"/>
      <line num="53" count="1" type="stmt"/>
      <line num="54" count="1" type="stmt"/>
      <line num="55" count="1" type="stmt"/>
      <line num="56" count="1" type="stmt"/>
      <line num="57" count="1" type="stmt"/>
      <line num="58" count="1" type="stmt"/>
      <line num="59" count="1" type="stmt"/>
      <line num="60" count="1" type="stmt"/>
      <line num="61" count="1" type="stmt"/>
      <line num="62" count="1" type="stmt"/>
      <line num="63" count="1" type="stmt"/>
      <line num="64" count="1" type="stmt"/>
      <line num="65" count="1" type="stmt"/>
      <line num="66" count="1" type="stmt"/>
      <line num="67" count="1" type="stmt"/>
      <line num="68" count="1" type="stmt"/>
      <line num="69" count="1" type="stmt"/>
      <line num="70" count="1" type="stmt"/>
      <line num="71" count="1" type="stmt"/>
      <line num="72" count="1" type="stmt"/>
      <line num="73" count="1" type="stmt"/>
      <line num="74" count="1" type="stmt"/>
      <line num="75" count="1" type="stmt"/>
      <line num="76" count="1" type="stmt"/>
      <line num="77" count="1" type="stmt"/>
      <line num="78" count="1" type="stmt"/>
      <line num="79" count="1" type="stmt"/>
      <line num="80" count="1" type="stmt"/>
      <line num="81" count="1" type="stmt"/>
      <line num="82" count="1" type="stmt"/>
      <line num="83" count="1" type="stmt"/>
      <line num="84" count="1" type="stmt"/>
      <line num="85" count="1" type="stmt"/>
      <line num="86" count="1" type="stmt"/>
      <line num="87" count="1" type="stmt"/>
      <line num="88" count="1" type="stmt"/>
      <line num="89" count="1" type="cond" truecount="1" falsecount="0"/>
      <line num="90" count="2" type="stmt"/>
      <line num="91" count="2" type="stmt"/>
      <line num="92" count="2" type="stmt"/>
      <line num="93" count="2" type="stmt"/>
      <line num="94" count="2" type="stmt"/>
      <line num="95" count="2" type="stmt"/>
      <line num="96" count="2" type="stmt"/>
      <line num="97" count="2" type="stmt"/>
      <line num="98" count="2" type="stmt"/>
      <line num="99" count="2" type="stmt"/>
      <line num="100" count="2" type="stmt"/>
      <line num="101" count="2" type="stmt"/>
      <line num="102" count="2" type="stmt"/>
      <line num="103" count="2" type="stmt"/>
      <line num="104" count="2" type="stmt"/>
      <line num="105" count="2" type="stmt"/>
      <line num="106" count="2" type="cond" truecount="1" falsecount="0"/>
      <line num="107" count="1" type="stmt"/>
      <line num="108" count="1" type="stmt"/>
      <line num="109" count="2" type="stmt"/>
      <line num="110" count="2" type="stmt"/>
      <line num="111" count="2" type="cond" truecount="1" falsecount="0"/>
      <line num="112" count="2" type="stmt"/>
      <line num="113" count="2" type="stmt"/>
      <line num="114" count="2" type="stmt"/>
      <line num="115" count="2" type="stmt"/>
      <line num="116" count="2" type="stmt"/>
      <line num="117" count="2" type="stmt"/>
      <line num="118" count="2" type="stmt"/>
      <line num="119" count="2" type="stmt"/>
      <line num="120" count="2" type="stmt"/>
      <line num="121" count="2" type="stmt"/>
      <line num="122" count="2" type="stmt"/>
      <line num="123" count="2" type="stmt"/>
      <line num="124" count="2" type="stmt"/>
      <line num="125" count="2" type="cond" truecount="1" falsecount="0"/>
      <line num="126" count="26" type="cond" truecount="0" falsecount="1"/>
      <line num="127" count="0" type="stmt"/>
      <line num="128" count="0" type="stmt"/>
      <line num="129" count="26" type="stmt"/>
      <line num="130" count="26" type="stmt"/>
      <line num="131" count="26" type="stmt"/>
      <line num="132" count="26" type="cond" truecount="1" falsecount="0"/>
      <line num="133" count="178" type="stmt"/>
      <line num="134" count="178" type="stmt"/>
      <line num="135" count="178" type="stmt"/>
      <line num="136" count="178" type="stmt"/>
      <line num="137" count="26" type="stmt"/>
      <line num="138" count="26" type="stmt"/>
      <line num="139" count="26" type="stmt"/>
      <line num="140" count="26" type="stmt"/>
      <line num="141" count="26" type="stmt"/>
      <line num="142" count="2" type="stmt"/>
      <line num="143" count="2" type="stmt"/>
      <line num="144" count="2" type="stmt"/>
      <line num="145" count="2" type="stmt"/>
      <line num="146" count="2" type="stmt"/>
      <line num="147" count="2" type="stmt"/>
      <line num="148" count="2" type="stmt"/>
      <line num="149" count="1" type="stmt"/>
      <line num="150" count="2" type="cond" truecount="1" falsecount="0"/>
      <line num="151" count="2" type="stmt"/>
      <line num="152" count="2" type="stmt"/>
      <line num="153" count="2" type="stmt"/>
      <line num="154" count="2" type="stmt"/>
      <line num="155" count="2" type="stmt"/>
      <line num="156" count="2" type="stmt"/>
      <line num="157" count="2" type="stmt"/>
      <line num="158" count="2" type="stmt"/>
      <line num="159" count="2" type="stmt"/>
      <line num="160" count="2" type="stmt"/>
      <line num="161" count="2" type="stmt"/>
      <line num="162" count="2" type="stmt"/>
      <line num="163" count="2" type="stmt"/>
      <line num="164" count="2" type="cond" truecount="1" falsecount="0"/>
      <line num="165" count="2" type="cond" truecount="1" falsecount="0"/>
      <line num="166" count="2" type="stmt"/>
      <line num="167" count="2" type="stmt"/>
      <line num="168" count="2" type="cond" truecount="1" falsecount="0"/>
      <line num="169" count="2" type="stmt"/>
      <line num="170" count="2" type="stmt"/>
      <line num="171" count="2" type="stmt"/>
      <line num="172" count="2" type="stmt"/>
      <line num="173" count="2" type="stmt"/>
      <line num="174" count="2" type="stmt"/>
      <line num="175" count="2" type="stmt"/>
      <line num="176" count="2" type="stmt"/>
      <line num="177" count="2" type="cond" truecount="1" falsecount="0"/>
      <line num="178" count="2" type="stmt"/>
      <line num="179" count="2" type="stmt"/>
      <line num="180" count="2" type="stmt"/>
      <line num="181" count="2" type="stmt"/>
      <line num="182" count="2" type="stmt"/>
      <line num="183" count="1" type="stmt"/>
      <line num="184" count="1" type="stmt"/>
      <line num="185" count="1" type="stmt"/>
      <line num="186" count="1" type="stmt"/>
      <line num="187" count="1" type="stmt"/>
      <line num="188" count="1" type="stmt"/>
      <line num="189" count="1" type="stmt"/>
      <line num="190" count="1" type="stmt"/>
      <line num="191" count="1" type="stmt"/>
      <line num="192" count="1" type="stmt"/>
      <line num="193" count="1" type="stmt"/>
      <line num="194" count="178" type="cond" truecount="1" falsecount="0"/>
      <line num="195" count="178" type="stmt"/>
      <line num="196" count="178" type="cond" truecount="1" falsecount="0"/>
      <line num="197" count="490" type="stmt"/>
      <line num="198" count="490" type="cond" truecount="2" falsecount="0"/>
      <line num="199" count="424" type="stmt"/>
      <line num="200" count="424" type="stmt"/>
      <line num="201" count="490" type="stmt"/>
      <line num="202" count="178" type="stmt"/>
      <line num="203" count="178" type="stmt"/>
      <line num="204" count="1" type="stmt"/>
      <line num="205" count="2" type="cond" truecount="1" falsecount="0"/>
      <line num="206" count="2" type="stmt"/>
      <line num="207" count="2" type="stmt"/>
      <line num="208" count="2" type="stmt"/>
      <line num="209" count="2" type="stmt"/>
      <line num="210" count="2" type="stmt"/>
      <line num="211" count="2" type="stmt"/>
      <line num="212" count="2" type="cond" truecount="1" falsecount="0"/>
      <line num="213" count="26" type="cond" truecount="1" falsecount="0"/>
      <line num="214" count="2" type="stmt"/>
      <line num="215" count="2" type="stmt"/>
      <line num="216" count="2" type="stmt"/>
      <line num="217" count="2" type="stmt"/>
      <line num="218" count="2" type="stmt"/>
    </file>
    <file name="measureFont.ts" path="C:\Users\郝洪坤\Desktop\FrontEnd\shi-renderer-svg-other\src\measureFont.ts">
      <metrics statements="63" coveredstatements="42" conditionals="3" coveredconditionals="2" methods="3" coveredmethods="2"/>
      <line num="1" count="1" type="stmt"/>
      <line num="2" count="1" type="stmt"/>
      <line num="3" count="1" type="stmt"/>
      <line num="4" count="1" type="stmt"/>
      <line num="5" count="1" type="stmt"/>
      <line num="6" count="1" type="stmt"/>
      <line num="7" count="1" type="stmt"/>
      <line num="8" count="1" type="stmt"/>
      <line num="9" count="1" type="stmt"/>
      <line num="10" count="1" type="stmt"/>
      <line num="11" count="1" type="stmt"/>
      <line num="12" count="1" type="stmt"/>
      <line num="13" count="1" type="stmt"/>
      <line num="14" count="1" type="stmt"/>
      <line num="15" count="1" type="stmt"/>
      <line num="16" count="1" type="stmt"/>
      <line num="17" count="0" type="stmt"/>
      <line num="18" count="0" type="stmt"/>
      <line num="19" count="0" type="stmt"/>
      <line num="20" count="0" type="stmt"/>
      <line num="21" count="0" type="stmt"/>
      <line num="22" count="0" type="stmt"/>
      <line num="23" count="0" type="stmt"/>
      <line num="24" count="0" type="stmt"/>
      <line num="25" count="0" type="stmt"/>
      <line num="26" count="0" type="stmt"/>
      <line num="27" count="0" type="stmt"/>
      <line num="28" count="0" type="stmt"/>
      <line num="29" count="0" type="stmt"/>
      <line num="30" count="0" type="stmt"/>
      <line num="31" count="0" type="stmt"/>
      <line num="32" count="0" type="stmt"/>
      <line num="33" count="0" type="stmt"/>
      <line num="34" count="0" type="stmt"/>
      <line num="35" count="0" type="stmt"/>
      <line num="36" count="4" type="cond" truecount="1" falsecount="0"/>
      <line num="37" count="4" type="stmt"/>
      <line num="38" count="4" type="stmt"/>
      <line num="39" count="4" type="stmt"/>
      <line num="40" count="4" type="stmt"/>
      <line num="41" count="4" type="stmt"/>
      <line num="42" count="4" type="stmt"/>
      <line num="43" count="4" type="stmt"/>
      <line num="44" count="4" type="stmt"/>
      <line num="45" count="4" type="stmt"/>
      <line num="46" count="4" type="stmt"/>
      <line num="47" count="4" type="stmt"/>
      <line num="48" count="1" type="stmt"/>
      <line num="49" count="1" type="stmt"/>
      <line num="50" count="1" type="stmt"/>
      <line num="51" count="1" type="stmt"/>
      <line num="52" count="1" type="cond" truecount="1" falsecount="0"/>
      <line num="53" count="4" type="stmt"/>
      <line num="54" count="4" type="stmt"/>
      <line num="55" count="4" type="stmt"/>
      <line num="56" count="4" type="stmt"/>
      <line num="57" count="4" type="cond" truecount="0" falsecount="1"/>
      <line num="58" count="0" type="stmt"/>
      <line num="59" count="0" type="stmt"/>
      <line num="60" count="4" type="stmt"/>
      <line num="61" count="4" type="stmt"/>
      <line num="62" count="4" type="stmt"/>
      <line num="63" count="4" type="stmt"/>
    </file>
  </project>
</coverage>
